[INFO] Scanning for projects...
[INFO] 
[INFO] --------------------------< com.PL:pig-ranch >--------------------------
[INFO] Building pig-ranch 0.0.1-SNAPSHOT
[INFO]   from pom.xml
[INFO] --------------------------------[ jar ]---------------------------------
[WARNING] 6 problems were encountered while building the effective model for org.openjfx:javafx-controls:jar:17 during dependency collection step for project (use -X to see details)
[INFO] 
[INFO] --- resources:3.3.1:resources (default-resources) @ pig-ranch ---
[INFO] Copying 1 resource from src\main\resources to target\classes
[INFO] Copying 4 resources from src\main\resources to target\classes
[INFO] 
[INFO] --- compiler:3.13.0:compile (default-compile) @ pig-ranch ---
[INFO] Nothing to compile - all classes are up to date.
[INFO] 
[INFO] --- resources:3.3.1:testResources (default-testResources) @ pig-ranch ---
[INFO] skip non existing resourceDirectory C:\Users\pliab\OneDrive - Western Governors University\Desktop\Coding Projects\Client and Inventory Management App\pig-ranch\src\test\resources
[INFO] 
[INFO] --- compiler:3.13.0:testCompile (default-testCompile) @ pig-ranch ---
[INFO] Nothing to compile - all classes are up to date.
[INFO] 
[INFO] --- surefire:3.5.2:test (default-test) @ pig-ranch ---
[INFO] Using auto detected provider org.apache.maven.surefire.junitplatform.JUnitPlatformProvider
[INFO] 
[INFO] -------------------------------------------------------
[INFO]  T E S T S
[INFO] -------------------------------------------------------
[INFO] Running com.PL.pig_ranch.PigRanchApplicationTests
21:41:50.225 [main] INFO org.springframework.test.context.support.AnnotationConfigContextLoaderUtils -- Could not detect default configuration classes for test class [com.PL.pig_ranch.PigRanchApplicationTests]: PigRanchApplicationTests does not declare any static, non-private, non-final, nested classes annotated with @Configuration.
21:41:50.303 [main] INFO org.springframework.boot.test.context.SpringBootTestContextBootstrapper -- Found @SpringBootConfiguration com.PL.pig_ranch.PigRanchApplication for test class com.PL.pig_ranch.PigRanchApplicationTests

  .   ____          _            __ _ _
 /\\ / ___'_ __ _ _(_)_ __  __ _ \ \ \ \
( ( )\___ | '_ | '_| | '_ \/ _` | \ \ \ \
 \\/  ___)| |_)| | | | | || (_| |  ) ) ) )
  '  |____| .__|_| |_|_| |_\__, | / / / /
 =========|_|==============|___/=/_/_/_/

 :: Spring Boot ::                (v3.4.2)

2026-02-15T21:41:50.597-08:00  INFO 7336 --- [pig-ranch] [           main] c.PL.pig_ranch.PigRanchApplicationTests  : Starting PigRanchApplicationTests using Java 21.0.5 with PID 7336 (started by plia in C:\Users\pliab\OneDrive - Western Governors University\Desktop\Coding Projects\Client and Inventory Management App\pig-ranch)
2026-02-15T21:41:50.598-08:00  INFO 7336 --- [pig-ranch] [           main] c.PL.pig_ranch.PigRanchApplicationTests  : No active profile set, falling back to 1 default profile: "default"
2026-02-15T21:41:50.901-08:00  INFO 7336 --- [pig-ranch] [           main] .s.d.r.c.RepositoryConfigurationDelegate : Bootstrapping Spring Data JPA repositories in DEFAULT mode.
2026-02-15T21:41:50.946-08:00  INFO 7336 --- [pig-ranch] [           main] .s.d.r.c.RepositoryConfigurationDelegate : Finished Spring Data repository scanning in 39 ms. Found 2 JPA repository interfaces.
2026-02-15T21:41:51.249-08:00  INFO 7336 --- [pig-ranch] [           main] o.hibernate.jpa.internal.util.LogHelper  : HHH000204: Processing PersistenceUnitInfo [name: default]
2026-02-15T21:41:51.300-08:00  INFO 7336 --- [pig-ranch] [           main] org.hibernate.Version                    : HHH000412: Hibernate ORM core version 6.6.5.Final
2026-02-15T21:41:51.321-08:00  INFO 7336 --- [pig-ranch] [           main] o.h.c.internal.RegionFactoryInitiator    : HHH000026: Second-level cache disabled
2026-02-15T21:41:51.531-08:00  INFO 7336 --- [pig-ranch] [           main] o.s.o.j.p.SpringPersistenceUnitInfo      : No LoadTimeWeaver setup: ignoring JPA class transformer
2026-02-15T21:41:51.554-08:00  INFO 7336 --- [pig-ranch] [           main] com.zaxxer.hikari.HikariDataSource       : HikariPool-1 - Starting...
2026-02-15T21:41:51.734-08:00  INFO 7336 --- [pig-ranch] [           main] com.zaxxer.hikari.pool.HikariPool        : HikariPool-1 - Added connection conn0: url=jdbc:h2:file:./data/pigranch user=SA
2026-02-15T21:41:51.737-08:00  INFO 7336 --- [pig-ranch] [           main] com.zaxxer.hikari.HikariDataSource       : HikariPool-1 - Start completed.
2026-02-15T21:41:51.781-08:00  INFO 7336 --- [pig-ranch] [           main] org.hibernate.orm.connections.pooling    : HHH10001005: Database info:
	Database JDBC URL [Connecting through datasource 'HikariDataSource (HikariPool-1)']
	Database driver: undefined/unknown
	Database version: 2.3.232
	Autocommit mode: undefined/unknown
	Isolation level: undefined/unknown
	Minimum pool size: undefined/unknown
	Maximum pool size: undefined/unknown
2026-02-15T21:41:52.374-08:00  INFO 7336 --- [pig-ranch] [           main] o.h.e.t.j.p.i.JtaPlatformInitiator       : HHH000489: No JTA platform available (set 'hibernate.transaction.jta.platform' to enable JTA platform integration)
2026-02-15T21:41:52.414-08:00  INFO 7336 --- [pig-ranch] [           main] j.LocalContainerEntityManagerFactoryBean : Initialized JPA EntityManagerFactory for persistence unit 'default'
2026-02-15T21:41:52.716-08:00  INFO 7336 --- [pig-ranch] [           main] o.s.d.j.r.query.QueryEnhancerFactory     : Hibernate is in classpath; If applicable, HQL parser will be used.
2026-02-15T21:41:52.865-08:00  INFO 7336 --- [pig-ranch] [           main] c.PL.pig_ranch.PigRanchApplicationTests  : Started PigRanchApplicationTests in 2.465 seconds (process running for 3.123)
Hibernate: select count(*) from household h1_0
--- Database already seeded, skipping ---
.\mvnw.cmd : Mockito is currently 
self-attaching to enable the 
inline-mock-maker. This will no 
longer work in future releases of the 
JDK. Please add Mockito as an agent 
to your build what is described in 
Mockito's documentation: https://javad
oc.io/doc/org.mockito/mockito-core/lat
est/org/mockito/Mockito.html#0.3
At line:1 char:1
+ .\mvnw.cmd test > 
logs/full_test_failure.txt 2>&1
+ ~~~~~~~~~~~~~~~~~~~~~~~~~~~~~~~~~~~~
~~~~~~~~~~~~~
    + CategoryInfo          : NotSpec 
   ified: (Mockito is curr...ockito.  
  html#0.3:String) [], RemoteExcept   
 ion
    + FullyQualifiedErrorId : NativeC 
   ommandError
 
Java HotSpot(TM) 64-Bit Server VM 
warning: Sharing is only supported 
for boot loader classes because 
bootstrap classpath has been appended
WARNING: A Java agent has been loaded 
dynamically (C:\Users\pliab\.m2\reposi
tory\net\bytebuddy\byte-buddy-agent\1.
15.11\byte-buddy-agent-1.15.11.jar)
WARNING: If a serviceability tool is 
in use, please run with 
-XX:+EnableDynamicAgentLoading to 
hide this warning
WARNING: If a serviceability tool is 
not in use, please run with 
-Djdk.instrument.traceUsage for more 
information
WARNING: Dynamic loading of agents 
will be disallowed by default in a 
future release
[INFO] Tests run: 1, Failures: 0, Errors: 0, Skipped: 0, Time elapsed: 3.314 s -- in com.PL.pig_ranch.PigRanchApplicationTests
[INFO] Running com.PL.pig_ranch.repository.ClientRepositoryIntegrationTest
2026-02-15T21:41:53.438-08:00  INFO 7336 --- [pig-ranch] [           main] t.c.s.AnnotationConfigContextLoaderUtils : Could not detect default configuration classes for test class [com.PL.pig_ranch.repository.ClientRepositoryIntegrationTest]: ClientRepositoryIntegrationTest does not declare any static, non-private, non-final, nested classes annotated with @Configuration.
2026-02-15T21:41:53.478-08:00  INFO 7336 --- [pig-ranch] [           main] .b.t.c.SpringBootTestContextBootstrapper : Found @SpringBootConfiguration com.PL.pig_ranch.PigRanchApplication for test class com.PL.pig_ranch.repository.ClientRepositoryIntegrationTest

  .   ____          _            __ _ _
 /\\ / ___'_ __ _ _(_)_ __  __ _ \ \ \ \
( ( )\___ | '_ | '_| | '_ \/ _` | \ \ \ \
 \\/  ___)| |_)| | | | | || (_| |  ) ) ) )
  '  |____| .__|_| |_|_| |_\__, | / / / /
 =========|_|==============|___/=/_/_/_/

 :: Spring Boot ::                (v3.4.2)

2026-02-15T21:41:53.500-08:00  INFO 7336 --- [pig-ranch] [           main] c.P.p.r.ClientRepositoryIntegrationTest  : Starting ClientRepositoryIntegrationTest using Java 21.0.5 with PID 7336 (started by plia in C:\Users\pliab\OneDrive - Western Governors University\Desktop\Coding Projects\Client and Inventory Management App\pig-ranch)
2026-02-15T21:41:53.501-08:00  INFO 7336 --- [pig-ranch] [           main] c.P.p.r.ClientRepositoryIntegrationTest  : No active profile set, falling back to 1 default profile: "default"
2026-02-15T21:41:53.574-08:00  INFO 7336 --- [pig-ranch] [           main] .s.d.r.c.RepositoryConfigurationDelegate : Bootstrapping Spring Data JPA repositories in DEFAULT mode.
2026-02-15T21:41:53.587-08:00  INFO 7336 --- [pig-ranch] [           main] .s.d.r.c.RepositoryConfigurationDelegate : Finished Spring Data repository scanning in 11 ms. Found 2 JPA repository interfaces.
2026-02-15T21:41:53.598-08:00  INFO 7336 --- [pig-ranch] [           main] beddedDataSourceBeanFactoryPostProcessor : Replacing 'dataSource' DataSource bean with embedded version
2026-02-15T21:41:53.613-08:00  INFO 7336 --- [pig-ranch] [           main] o.s.j.d.e.EmbeddedDatabaseFactory        : Starting embedded database: url='jdbc:h2:mem:b701c2e4-4663-4c32-8694-3d8368eec4cf;DB_CLOSE_DELAY=-1;DB_CLOSE_ON_EXIT=false', username='sa'
2026-02-15T21:41:53.627-08:00  INFO 7336 --- [pig-ranch] [           main] o.hibernate.jpa.internal.util.LogHelper  : HHH000204: Processing PersistenceUnitInfo [name: default]
2026-02-15T21:41:53.629-08:00  INFO 7336 --- [pig-ranch] [           main] o.h.c.internal.RegionFactoryInitiator    : HHH000026: Second-level cache disabled
2026-02-15T21:41:53.633-08:00  INFO 7336 --- [pig-ranch] [           main] o.s.o.j.p.SpringPersistenceUnitInfo      : No LoadTimeWeaver setup: ignoring JPA class transformer
2026-02-15T21:41:53.636-08:00  INFO 7336 --- [pig-ranch] [           main] org.hibernate.orm.connections.pooling    : HHH10001005: Database info:
	Database JDBC URL [Connecting through datasource 'org.springframework.jdbc.datasource.embedded.EmbeddedDatabaseFactory$EmbeddedDataSourceProxy@4b60ff1c']
	Database driver: undefined/unknown
	Database version: 2.3.232
	Autocommit mode: undefined/unknown
	Isolation level: undefined/unknown
	Minimum pool size: undefined/unknown
	Maximum pool size: undefined/unknown
2026-02-15T21:41:53.687-08:00  INFO 7336 --- [pig-ranch] [           main] o.h.e.t.j.p.i.JtaPlatformInitiator       : HHH000489: No JTA platform available (set 'hibernate.transaction.jta.platform' to enable JTA platform integration)
Hibernate: create table client (id bigint generated by default as identity, email varchar(255), name varchar(255) not null, notes varchar(255), phone_number varchar(255), household_id bigint, primary key (id))
Hibernate: create table household (id bigint generated by default as identity, address varchar(255), city varchar(255), state varchar(255), surname varchar(255), zip_code varchar(255), referred_by_id bigint, primary key (id))
Hibernate: alter table if exists client add constraint FKqvpjb1rp3xt7dwtbu9vv0gdso foreign key (household_id) references household
Hibernate: alter table if exists household add constraint FKf3xnnuxsmaiy97sixdya29y4f foreign key (referred_by_id) references client
2026-02-15T21:41:53.701-08:00  INFO 7336 --- [pig-ranch] [           main] j.LocalContainerEntityManagerFactoryBean : Initialized JPA EntityManagerFactory for persistence unit 'default'
2026-02-15T21:41:53.745-08:00  INFO 7336 --- [pig-ranch] [           main] c.P.p.r.ClientRepositoryIntegrationTest  : Started ClientRepositoryIntegrationTest in 0.263 seconds (process running for 4.003)
Hibernate: select count(*) from household h1_0
Hibernate: insert into household (address,city,referred_by_id,state,surname,zip_code,id) values (?,?,?,?,?,?,default)
Hibernate: insert into household (address,city,referred_by_id,state,surname,zip_code,id) values (?,?,?,?,?,?,default)
Hibernate: insert into client (email,household_id,name,notes,phone_number,id) values (?,?,?,?,?,default)
Hibernate: insert into client (email,household_id,name,notes,phone_number,id) values (?,?,?,?,?,default)
Hibernate: insert into client (email,household_id,name,notes,phone_number,id) values (?,?,?,?,?,default)
--- Data Seeding Completed ---
Hibernate: insert into household (address,city,referred_by_id,state,surname,zip_code,id) values (?,?,?,?,?,?,default)
Hibernate: insert into client (email,household_id,name,notes,phone_number,id) values (?,?,?,?,?,default)
Hibernate: insert into client (email,household_id,name,notes,phone_number,id) values (?,?,?,?,?,default)
Hibernate: delete from client where id=?
Hibernate: select count(*) from client c1_0 where c1_0.id=?
Hibernate: insert into client (email,household_id,name,notes,phone_number,id) values (?,?,?,?,?,default)
Hibernate: select c1_0.id from client c1_0 where upper(c1_0.name)=upper(?) and c1_0.phone_number=? fetch first ? rows only
Hibernate: select c1_0.id from client c1_0 where upper(c1_0.name)=upper(?) and c1_0.phone_number=? fetch first ? rows only
[INFO] Tests run: 3, Failures: 0, Errors: 0, Skipped: 0, Time elapsed: 0.481 s -- in com.PL.pig_ranch.repository.ClientRepositoryIntegrationTest
[INFO] Running com.PL.pig_ranch.service.ClientServiceIntegrationTest
2026-02-15T21:41:53.919-08:00  INFO 7336 --- [pig-ranch] [           main] t.c.s.AnnotationConfigContextLoaderUtils : Could not detect default configuration classes for test class [com.PL.pig_ranch.service.ClientServiceIntegrationTest]: ClientServiceIntegrationTest does not declare any static, non-private, non-final, nested classes annotated with @Configuration.
2026-02-15T21:41:53.926-08:00  INFO 7336 --- [pig-ranch] [           main] .b.t.c.SpringBootTestContextBootstrapper : Found @SpringBootConfiguration com.PL.pig_ranch.PigRanchApplication for test class com.PL.pig_ranch.service.ClientServiceIntegrationTest
Hibernate: insert into household (address,city,referred_by_id,state,surname,zip_code,id) values (?,?,?,?,?,?,default)
Hibernate: insert into client (email,household_id,name,notes,phone_number,id) values (?,?,?,?,?,default)
Hibernate: delete from client where id=?
Hibernate: select count(c1_0.id) from client c1_0 left join household h1_0 on h1_0.id=c1_0.household_id where h1_0.id=?
Hibernate: select c1_0.id,c1_0.email,h1_0.id,h1_0.address,h1_0.city,rb1_0.id,rb1_0.email,rb1_0.household_id,rb1_0.name,rb1_0.notes,rb1_0.phone_number,h1_0.state,h1_0.surname,h1_0.zip_code,c1_0.name,c1_0.notes,c1_0.phone_number from client c1_0 left join household h1_0 on h1_0.id=c1_0.household_id left join client rb1_0 on rb1_0.id=h1_0.referred_by_id where c1_0.id=?
Hibernate: insert into household (address,city,referred_by_id,state,surname,zip_code,id) values (?,?,?,?,?,?,default)
Hibernate: insert into client (email,household_id,name,notes,phone_number,id) values (?,?,?,?,?,default)
Hibernate: insert into client (email,household_id,name,notes,phone_number,id) values (?,?,?,?,?,default)
Hibernate: insert into client (email,household_id,name,notes,phone_number,id) values (?,?,?,?,?,default)
Hibernate: select c1_0.id from client c1_0 where upper(c1_0.name)=upper(?) and c1_0.phone_number=? fetch first ? rows only
Hibernate: select c1_0.id from client c1_0 where upper(c1_0.name)=upper(?) and c1_0.phone_number=? fetch first ? rows only
Hibernate: insert into client (email,household_id,name,notes,phone_number,id) values (?,?,?,?,?,default)
Hibernate: insert into client (email,household_id,name,notes,phone_number,id) values (?,?,?,?,?,default)
Hibernate: insert into client (email,household_id,name,notes,phone_number,id) values (?,?,?,?,?,default)
Hibernate: select c1_0.id,c1_0.email,c1_0.household_id,c1_0.name,c1_0.notes,c1_0.phone_number from client c1_0
Hibernate: insert into client (email,household_id,name,notes,phone_number,id) values (?,?,?,?,?,default)
Hibernate: update client set email=?,household_id=?,name=?,notes=?,phone_number=? where id=?
Hibernate: select c1_0.id,c1_0.email,c1_0.household_id,c1_0.name,c1_0.notes,c1_0.phone_number from client c1_0
Hibernate: select c1_0.id,c1_0.email,c1_0.household_id,c1_0.name,c1_0.notes,c1_0.phone_number from client c1_0
Hibernate: insert into client (email,household_id,name,notes,phone_number,id) values (?,?,?,?,?,default)
Hibernate: select c1_0.id from client c1_0 where upper(c1_0.name)=upper(?) and c1_0.phone_number=? fetch first ? rows only
Hibernate: select c1_0.id from client c1_0 where upper(c1_0.name)=upper(?) and c1_0.phone_number=? fetch first ? rows only
Hibernate: insert into client (email,household_id,name,notes,phone_number,id) values (?,?,?,?,?,default)
Hibernate: select c1_0.id from client c1_0 where upper(c1_0.name)=upper(?) and c1_0.phone_number=? fetch first ? rows only
Hibernate: select c1_0.id from client c1_0 where upper(c1_0.name)=upper(?) and c1_0.phone_number=? fetch first ? rows only
[INFO] Tests run: 8, Failures: 0, Errors: 0, Skipped: 0, Time elapsed: 0.084 s -- in com.PL.pig_ranch.service.ClientServiceIntegrationTest
[INFO] Running com.PL.pig_ranch.service.ClientServiceTest
[ERROR] Tests run: 4, Failures: 1, Errors: 0, Skipped: 0, Time elapsed: 0.342 s <<< FAILURE! -- in com.PL.pig_ranch.service.ClientServiceTest
[ERROR] com.PL.pig_ranch.service.ClientServiceTest.testDeleteClientNonExistent -- Time elapsed: 0.045 s <<< FAILURE!
Wanted but not invoked:
clientRepository.deleteById(99L);
-> at com.PL.pig_ranch.service.ClientServiceTest.testDeleteClientNonExistent(ClientServiceTest.java:69)

However, there was exactly 1 interaction with this mock:
clientRepository.findById(99L);
-> at com.PL.pig_ranch.service.impl.ClientServiceImpl.deleteClient(ClientServiceImpl.java:45)


	at com.PL.pig_ranch.service.ClientServiceTest.testDeleteClientNonExistent(ClientServiceTest.java:69)
	at java.base/java.lang.reflect.Method.invoke(Method.java:580)
	at java.base/java.util.ArrayList.forEach(ArrayList.java:1596)
	at java.base/java.util.ArrayList.forEach(ArrayList.java:1596)

[INFO] Running com.PL.pig_ranch.util.ClientUtilsTest
[INFO] Tests run: 6, Failures: 0, Errors: 0, Skipped: 0, Time elapsed: 0.015 s -- in com.PL.pig_ranch.util.ClientUtilsTest
[INFO] 
[INFO] Results:
[INFO] 
[ERROR] Failures: 
[ERROR]   ClientServiceTest.testDeleteClientNonExistent:69 
Wanted but not invoked:
clientRepository.deleteById(99L);
-> at com.PL.pig_ranch.service.ClientServiceTest.testDeleteClientNonExistent(ClientServiceTest.java:69)

However, there was exactly 1 interaction with this mock:
clientRepository.findById(99L);
-> at com.PL.pig_ranch.service.impl.ClientServiceImpl.deleteClient(ClientServiceImpl.java:45)


[INFO] 
[ERROR] Tests run: 22, Failures: 1, Errors: 0, Skipped: 0
[INFO] 
[INFO] ------------------------------------------------------------------------
[INFO] BUILD FAILURE
[INFO] ------------------------------------------------------------------------
[INFO] Total time:  5.845 s
[INFO] Finished at: 2026-02-15T21:41:54-08:00
[INFO] ------------------------------------------------------------------------
[ERROR] Failed to execute goal org.apache.maven.plugins:maven-surefire-plugin:3.5.2:test (default-test) on project pig-ranch: There are test failures.
[ERROR] 
[ERROR] See C:\Users\pliab\OneDrive - Western Governors University\Desktop\Coding Projects\Client and Inventory Management App\pig-ranch\target\surefire-reports for the individual test results.
[ERROR] See dump files (if any exist) [date].dump, [date]-jvmRun[N].dump and [date].dumpstream.
[ERROR] -> [Help 1]
[ERROR] 
[ERROR] To see the full stack trace of the errors, re-run Maven with the -e switch.
[ERROR] Re-run Maven using the -X switch to enable full debug logging.
[ERROR] 
[ERROR] For more information about the errors and possible solutions, please read the following articles:
[ERROR] [Help 1] http://cwiki.apache.org/confluence/display/MAVEN/MojoFailureException
